生成启动时间为 2013/7/10 1:44:42。
     1>项目“E:\行宮。\翰林院。\DBMS\Project\src\myLibrary\myLibrary\myLibrary.vcxproj”在节点 2 上(build 个目标)。
     1>InitializeBuildStatus:
         正在创建“Debug\myLibrary.unsuccessfulbuild”，因为已指定“AlwaysCreate”。
       ClCompile:
         所有输出均为最新。
         C:\Program Files (x86)\Microsoft Visual Studio 10.0\VC\bin\CL.exe /c /ZI /nologo /W3 /WX- /Od /Oy- /D WIN32 /D _WINDOWS /D _DEBUG /D _UNICODE /D UNICODE /D _AFXDLL /Gm /EHsc /RTC1 /MDd /GS /fp:precise /Zc:wchar_t /Zc:forScope /Yu"StdAfx.h" /Fp"Debug\myLibrary.pch" /Fo"Debug\\" /Fd"Debug\vc100.pdb" /Gd /TP /analyze- /errorReport:prompt IDCard.cpp InStore.cpp LAB.cpp
         LAB.cpp
         InStore.cpp
     1>e:\行宮。\翰林院。\dbms\project\src\mylibrary\mylibrary\instore.cpp(162): warning C4018: “<”: 有符号/无符号不匹配
         IDCard.cpp
         正在生成代码...
       ResourceCompile:
         所有输出均为最新。
       ManifestResourceCompile:
         所有输出均为最新。
       Link:
         C:\Program Files (x86)\Microsoft Visual Studio 10.0\VC\bin\link.exe /ERRORREPORT:PROMPT /OUT:"E:\行宮。\翰林院。\DBMS\Project\src\myLibrary\Debug\myLibrary.exe" /INCREMENTAL /NOLOGO /MANIFEST /ManifestFile:"Debug\myLibrary.exe.intermediate.manifest" /MANIFESTUAC:"level='asInvoker' uiAccess='false'" /DEBUG /PDB:"E:\行宮。\翰林院。\DBMS\Project\src\myLibrary\Debug\myLibrary.pdb" /SUBSYSTEM:WINDOWS /TLBID:1 /ENTRY:"wWinMainCRTStartup" /DYNAMICBASE /NXCOMPAT /IMPLIB:"E:\行宮。\翰林院。\DBMS\Project\src\myLibrary\Debug\myLibrary.lib" /MACHINE:X86 Debug\myLibrary.res
         Debug\myLibrary.exe.embed.manifest.res
         Debug\Admin.obj
         Debug\IDCard.obj
         Debug\InStore.obj
         Debug\LAB.obj
         Debug\Login.obj
         Debug\myLibrary.obj
         Debug\Query.obj
         Debug\stdafx.obj
       Manifest:
         C:\Program Files (x86)\Microsoft SDKs\Windows\v7.0A\bin\mt.exe /nologo /verbose /out:"Debug\myLibrary.exe.embed.manifest" /manifest Debug\myLibrary.exe.intermediate.manifest "C:\Program Files (x86)\Microsoft Visual Studio 10.0\VC\Include\Manifest\dpiaware.manifest"
         所有输出均为最新。
       LinkEmbedManifest:
         所有输出均为最新。
         myLibrary.vcxproj -> E:\行宮。\翰林院。\DBMS\Project\src\myLibrary\Debug\myLibrary.exe
       FinalizeBuildStatus:
         正在删除文件“Debug\myLibrary.unsuccessfulbuild”。
         正在对“Debug\myLibrary.lastbuildstate”执行 Touch 任务。
     1>已完成生成项目“E:\行宮。\翰林院。\DBMS\Project\src\myLibrary\myLibrary\myLibrary.vcxproj”(build 个目标)的操作。

生成成功。

已用时间 00:00:17.63
